# JRE version: OpenJDK Runtime Environment Temurin-21.0.6+7 (21.0.6+7) (build 21.0.6+7-LTS)
# Java VM: OpenJDK 64-Bit Server VM Temurin-21.0.6+7 (21.0.6+7-LTS, mixed mode, sharing, tiered, compressed oops, compressed class ptrs, parallel gc, windows-amd64)
GC Precious Log:
 CardTable entry size: 512
 CPUs: 2 total, 2 available
 Memory: 1488M
 Large Page Support: Disabled
 NUMA Support: Disabled
 Compressed Oops: Enabled (32-bit)
 Alignments: Space 512K, Generation 512K, Heap 2M
 Heap Min Capacity: 100M
 Heap Initial Capacity: 100M
 Heap Max Capacity: 1G
 Pre-touch: Disabled
 Parallel Workers: 2
Heap:
 PSYoungGen      total 19456K, used 13047K [0x00000000eab00000, 0x00000000ebf80000, 0x0000000100000000)
  eden space 18944K, 68% used [0x00000000eab00000,0x00000000eb7bdf78,0x00000000ebd80000)
  from space 512K, 0% used [0x00000000ebf00000,0x00000000ebf00000,0x00000000ebf80000)
  to   space 1024K, 0% used [0x00000000ebd80000,0x00000000ebd80000,0x00000000ebe80000)
 ParOldGen       total 68608K, used 40156K [0x00000000c0000000, 0x00000000c4300000, 0x00000000eab00000)
  object space 68608K, 58% used [0x00000000c0000000,0x00000000c2737210,0x00000000c4300000)
 Metaspace       used 60050K, committed 61248K, reserved 1114112K
  class space    used 6300K, committed 6848K, reserved 1048576K
GC Heap History (20 events):
Event: 70.058 GC heap before
{Heap before GC invocations=26 (full 2):
 PSYoungGen      total 21504K, used 21316K [0x00000000eab00000, 0x00000000ec200000, 0x0000000100000000)
  eden space 19456K, 100% used [0x00000000eab00000,0x00000000ebe00000,0x00000000ebe00000)
  from space 2048K, 90% used [0x00000000ebe00000,0x00000000ebfd1000,0x00000000ec000000)
  to   space 2048K, 0% used [0x00000000ec000000,0x00000000ec000000,0x00000000ec200000)
 ParOldGen       total 68608K, used 34450K [0x00000000c0000000, 0x00000000c4300000, 0x00000000eab00000)
  object space 68608K, 50% used [0x00000000c0000000,0x00000000c21a48c0,0x00000000c4300000)
 Metaspace       used 50656K, committed 51840K, reserved 1114112K
  class space    used 5383K, committed 5952K, reserved 1048576K
}
Event: 70.069 GC heap after
{Heap after GC invocations=26 (full 2):
 PSYoungGen      total 21504K, used 1856K [0x00000000eab00000, 0x00000000ec200000, 0x0000000100000000)
  eden space 19456K, 0% used [0x00000000eab00000,0x00000000eab00000,0x00000000ebe00000)
  from space 2048K, 90% used [0x00000000ec000000,0x00000000ec1d0010,0x00000000ec200000)
  to   space 2048K, 0% used [0x00000000ebe00000,0x00000000ebe00000,0x00000000ec000000)
 ParOldGen       total 68608K, used 36250K [0x00000000c0000000, 0x00000000c4300000, 0x00000000eab00000)
  object space 68608K, 52% used [0x00000000c0000000,0x00000000c23669c0,0x00000000c4300000)
 Metaspace       used 50656K, committed 51840K, reserved 1114112K
  class space    used 5383K, committed 5952K, reserved 1048576K
}
Event: 70.341 GC heap before
{Heap before GC invocations=27 (full 2):
 PSYoungGen      total 21504K, used 21312K [0x00000000eab00000, 0x00000000ec200000, 0x0000000100000000)
  eden space 19456K, 100% used [0x00000000eab00000,0x00000000ebe00000,0x00000000ebe00000)
  from space 2048K, 90% used [0x00000000ec000000,0x00000000ec1d0010,0x00000000ec200000)
  to   space 2048K, 0% used [0x00000000ebe00000,0x00000000ebe00000,0x00000000ec000000)
 ParOldGen       total 68608K, used 36250K [0x00000000c0000000, 0x00000000c4300000, 0x00000000eab00000)
  object space 68608K, 52% used [0x00000000c0000000,0x00000000c23669c0,0x00000000c4300000)
 Metaspace       used 50682K, committed 51840K, reserved 1114112K
  class space    used 5383K, committed 5952K, reserved 1048576K
}
Event: 70.357 GC heap after
{Heap after GC invocations=27 (full 2):
 PSYoungGen      total 21504K, used 1600K [0x00000000eab00000, 0x00000000ec200000, 0x0000000100000000)
  eden space 19456K, 0% used [0x00000000eab00000,0x00000000eab00000,0x00000000ebe00000)
  from space 2048K, 78% used [0x00000000ebe00000,0x00000000ebf90000,0x00000000ec000000)
  to   space 2048K, 0% used [0x00000000ec000000,0x00000000ec000000,0x00000000ec200000)
 ParOldGen       total 68608K, used 38098K [0x00000000c0000000, 0x00000000c4300000, 0x00000000eab00000)
  object space 68608K, 55% used [0x00000000c0000000,0x00000000c25349d0,0x00000000c4300000)
 Metaspace       used 50682K, committed 51840K, reserved 1114112K
  class space    used 5383K, committed 5952K, reserved 1048576K
}
Event: 71.852 GC heap before
{Heap before GC invocations=28 (full 2):
 PSYoungGen      total 21504K, used 21055K [0x00000000eab00000, 0x00000000ec200000, 0x0000000100000000)
  eden space 19456K, 99% used [0x00000000eab00000,0x00000000ebdfffc0,0x00000000ebe00000)
  from space 2048K, 78% used [0x00000000ebe00000,0x00000000ebf90000,0x00000000ec000000)
  to   space 2048K, 0% used [0x00000000ec000000,0x00000000ec000000,0x00000000ec200000)
 ParOldGen       total 68608K, used 38098K [0x00000000c0000000, 0x00000000c4300000, 0x00000000eab00000)
  object space 68608K, 55% used [0x00000000c0000000,0x00000000c25349d0,0x00000000c4300000)
 Metaspace       used 51993K, committed 53184K, reserved 1114112K
  class space    used 5515K, committed 6080K, reserved 1048576K
}
Event: 71.866 GC heap after
{Heap after GC invocations=28 (full 2):
 PSYoungGen      total 21504K, used 1976K [0x00000000eab00000, 0x00000000ec200000, 0x0000000100000000)
  eden space 19456K, 0% used [0x00000000eab00000,0x00000000eab00000,0x00000000ebe00000)
  from space 2048K, 96% used [0x00000000ec000000,0x00000000ec1ee020,0x00000000ec200000)
  to   space 2048K, 0% used [0x00000000ebe00000,0x00000000ebe00000,0x00000000ec000000)
 ParOldGen       total 68608K, used 39674K [0x00000000c0000000, 0x00000000c4300000, 0x00000000eab00000)
  object space 68608K, 57% used [0x00000000c0000000,0x00000000c26bebd0,0x00000000c4300000)
 Metaspace       used 51993K, committed 53184K, reserved 1114112K
  class space    used 5515K, committed 6080K, reserved 1048576K
}
Event: 76.105 GC heap before
{Heap before GC invocations=29 (full 2):
 PSYoungGen      total 21504K, used 21432K [0x00000000eab00000, 0x00000000ec200000, 0x0000000100000000)
  eden space 19456K, 100% used [0x00000000eab00000,0x00000000ebe00000,0x00000000ebe00000)
  from space 2048K, 96% used [0x00000000ec000000,0x00000000ec1ee020,0x00000000ec200000)
  to   space 2048K, 0% used [0x00000000ebe00000,0x00000000ebe00000,0x00000000ec000000)
 ParOldGen       total 68608K, used 39674K [0x00000000c0000000, 0x00000000c4300000, 0x00000000eab00000)
  object space 68608K, 57% used [0x00000000c0000000,0x00000000c26bebd0,0x00000000c4300000)
 Metaspace       used 54665K, committed 55872K, reserved 1114112K
  class space    used 5783K, committed 6336K, reserved 1048576K
}
Event: 76.151 GC heap after
{Heap after GC invocations=29 (full 2):
 PSYoungGen      total 20992K, used 1028K [0x00000000eab00000, 0x00000000ec100000, 0x0000000100000000)
  eden space 19456K, 0% used [0x00000000eab00000,0x00000000eab00000,0x00000000ebe00000)
  from space 1536K, 66% used [0x00000000ebe00000,0x00000000ebf013d8,0x00000000ebf80000)
  to   space 1536K, 0% used [0x00000000ebf80000,0x00000000ebf80000,0x00000000ec100000)
 ParOldGen       total 68608K, used 41535K [0x00000000c0000000, 0x00000000c4300000, 0x00000000eab00000)
  object space 68608K, 60% used [0x00000000c0000000,0x00000000c288fd08,0x00000000c4300000)
 Metaspace       used 54665K, committed 55872K, reserved 1114112K
  class space    used 5783K, committed 6336K, reserved 1048576K
}
Event: 80.566 GC heap before
{Heap before GC invocations=30 (full 2):
 PSYoungGen      total 20992K, used 20434K [0x00000000eab00000, 0x00000000ec100000, 0x0000000100000000)
  eden space 19456K, 99% used [0x00000000eab00000,0x00000000ebdf3598,0x00000000ebe00000)
  from space 1536K, 66% used [0x00000000ebe00000,0x00000000ebf013d8,0x00000000ebf80000)
  to   space 1536K, 0% used [0x00000000ebf80000,0x00000000ebf80000,0x00000000ec100000)
 ParOldGen       total 68608K, used 41535K [0x00000000c0000000, 0x00000000c4300000, 0x00000000eab00000)
  object space 68608K, 60% used [0x00000000c0000000,0x00000000c288fd08,0x00000000c4300000)
 Metaspace       used 55654K, committed 56896K, reserved 1114112K
  class space    used 5912K, committed 6464K, reserved 1048576K
}
Event: 80.587 GC heap after
{Heap after GC invocations=30 (full 2):
 PSYoungGen      total 20480K, used 558K [0x00000000eab00000, 0x00000000ec080000, 0x0000000100000000)
  eden space 19456K, 0% used [0x00000000eab00000,0x00000000eab00000,0x00000000ebe00000)
  from space 1024K, 54% used [0x00000000ebf80000,0x00000000ec00b8a8,0x00000000ec080000)
  to   space 1024K, 0% used [0x00000000ebe80000,0x00000000ebe80000,0x00000000ebf80000)
 ParOldGen       total 68608K, used 42495K [0x00000000c0000000, 0x00000000c4300000, 0x00000000eab00000)
  object space 68608K, 61% used [0x00000000c0000000,0x00000000c297fc78,0x00000000c4300000)
 Metaspace       used 55654K, committed 56896K, reserved 1114112K
  class space    used 5912K, committed 6464K, reserved 1048576K
}
Event: 84.623 GC heap before
{Heap before GC invocations=31 (full 2):
 PSYoungGen      total 20480K, used 20014K [0x00000000eab00000, 0x00000000ec080000, 0x0000000100000000)
  eden space 19456K, 100% used [0x00000000eab00000,0x00000000ebe00000,0x00000000ebe00000)
  from space 1024K, 54% used [0x00000000ebf80000,0x00000000ec00b8a8,0x00000000ec080000)
  to   space 1024K, 0% used [0x00000000ebe80000,0x00000000ebe80000,0x00000000ebf80000)
 ParOldGen       total 68608K, used 42495K [0x00000000c0000000, 0x00000000c4300000, 0x00000000eab00000)
  object space 68608K, 61% used [0x00000000c0000000,0x00000000c297fc78,0x00000000c4300000)
 Metaspace       used 57517K, committed 58688K, reserved 1114112K
  class space    used 6070K, committed 6592K, reserved 1048576K
}
Event: 84.682 GC heap after
{Heap after GC invocations=31 (full 2):
 PSYoungGen      total 20480K, used 983K [0x00000000eab00000, 0x00000000ec100000, 0x0000000100000000)
  eden space 19456K, 0% used [0x00000000eab00000,0x00000000eab00000,0x00000000ebe00000)
  from space 1024K, 96% used [0x00000000ebe80000,0x00000000ebf75f08,0x00000000ebf80000)
  to   space 1536K, 0% used [0x00000000ebf80000,0x00000000ebf80000,0x00000000ec100000)
 ParOldGen       total 68608K, used 42991K [0x00000000c0000000, 0x00000000c4300000, 0x00000000eab00000)
  object space 68608K, 62% used [0x00000000c0000000,0x00000000c29fbd80,0x00000000c4300000)
 Metaspace       used 57517K, committed 58688K, reserved 1114112K
  class space    used 6070K, committed 6592K, reserved 1048576K
}
Event: 85.497 GC heap before
{Heap before GC invocations=32 (full 2):
 PSYoungGen      total 20480K, used 20439K [0x00000000eab00000, 0x00000000ec100000, 0x0000000100000000)
  eden space 19456K, 100% used [0x00000000eab00000,0x00000000ebe00000,0x00000000ebe00000)
  from space 1024K, 96% used [0x00000000ebe80000,0x00000000ebf75f08,0x00000000ebf80000)
  to   space 1536K, 0% used [0x00000000ebf80000,0x00000000ebf80000,0x00000000ec100000)
 ParOldGen       total 68608K, used 42991K [0x00000000c0000000, 0x00000000c4300000, 0x00000000eab00000)
  object space 68608K, 62% used [0x00000000c0000000,0x00000000c29fbd80,0x00000000c4300000)
 Metaspace       used 57833K, committed 59072K, reserved 1114112K
  class space    used 6089K, committed 6656K, reserved 1048576K
}
Event: 85.512 GC heap after
{Heap after GC invocations=32 (full 2):
 PSYoungGen      total 20480K, used 1514K [0x00000000eab00000, 0x00000000ec200000, 0x0000000100000000)
  eden space 18944K, 0% used [0x00000000eab00000,0x00000000eab00000,0x00000000ebd80000)
  from space 1536K, 98% used [0x00000000ebf80000,0x00000000ec0fa990,0x00000000ec100000)
  to   space 2048K, 0% used [0x00000000ebd80000,0x00000000ebd80000,0x00000000ebf80000)
 ParOldGen       total 68608K, used 44084K [0x00000000c0000000, 0x00000000c4300000, 0x00000000eab00000)
  object space 68608K, 64% used [0x00000000c0000000,0x00000000c2b0d1d8,0x00000000c4300000)
 Metaspace       used 57833K, committed 59072K, reserved 1114112K
  class space    used 6089K, committed 6656K, reserved 1048576K
}
Event: 86.915 GC heap before
{Heap before GC invocations=33 (full 2):
 PSYoungGen      total 20480K, used 20351K [0x00000000eab00000, 0x00000000ec200000, 0x0000000100000000)
  eden space 18944K, 99% used [0x00000000eab00000,0x00000000ebd65648,0x00000000ebd80000)
  from space 1536K, 98% used [0x00000000ebf80000,0x00000000ec0fa990,0x00000000ec100000)
  to   space 2048K, 0% used [0x00000000ebd80000,0x00000000ebd80000,0x00000000ebf80000)
 ParOldGen       total 68608K, used 44084K [0x00000000c0000000, 0x00000000c4300000, 0x00000000eab00000)
  object space 68608K, 64% used [0x00000000c0000000,0x00000000c2b0d1d8,0x00000000c4300000)
 Metaspace       used 57843K, committed 59072K, reserved 1114112K
  class space    used 6089K, committed 6656K, reserved 1048576K
}
Event: 86.925 GC heap after
{Heap after GC invocations=33 (full 2):
 PSYoungGen      total 20480K, used 1088K [0x00000000eab00000, 0x00000000ec080000, 0x0000000100000000)
  eden space 18944K, 0% used [0x00000000eab00000,0x00000000eab00000,0x00000000ebd80000)
  from space 1536K, 70% used [0x00000000ebd80000,0x00000000ebe90240,0x00000000ebf00000)
  to   space 1536K, 0% used [0x00000000ebf00000,0x00000000ebf00000,0x00000000ec080000)
 ParOldGen       total 68608K, used 44837K [0x00000000c0000000, 0x00000000c4300000, 0x00000000eab00000)
  object space 68608K, 65% used [0x00000000c0000000,0x00000000c2bc9730,0x00000000c4300000)
 Metaspace       used 57843K, committed 59072K, reserved 1114112K
  class space    used 6089K, committed 6656K, reserved 1048576K
}
Event: 88.298 GC heap before
{Heap before GC invocations=34 (full 2):
 PSYoungGen      total 20480K, used 5322K [0x00000000eab00000, 0x00000000ec080000, 0x0000000100000000)
  eden space 18944K, 22% used [0x00000000eab00000,0x00000000eaf22868,0x00000000ebd80000)
  from space 1536K, 70% used [0x00000000ebd80000,0x00000000ebe90240,0x00000000ebf00000)
  to   space 1536K, 0% used [0x00000000ebf00000,0x00000000ebf00000,0x00000000ec080000)
 ParOldGen       total 68608K, used 44837K [0x00000000c0000000, 0x00000000c4300000, 0x00000000eab00000)
  object space 68608K, 65% used [0x00000000c0000000,0x00000000c2bc9730,0x00000000c4300000)
 Metaspace       used 58590K, committed 59776K, reserved 1114112K
  class space    used 6156K, committed 6720K, reserved 1048576K
}
Event: 88.301 GC heap after
{Heap after GC invocations=34 (full 2):
 PSYoungGen      total 19456K, used 219K [0x00000000eab00000, 0x00000000ebf80000, 0x0000000100000000)
  eden space 18944K, 0% used [0x00000000eab00000,0x00000000eab00000,0x00000000ebd80000)
  from space 512K, 42% used [0x00000000ebf00000,0x00000000ebf36c08,0x00000000ebf80000)
  to   space 1024K, 0% used [0x00000000ebd80000,0x00000000ebd80000,0x00000000ebe80000)
 ParOldGen       total 68608K, used 44924K [0x00000000c0000000, 0x00000000c4300000, 0x00000000eab00000)
  object space 68608K, 65% used [0x00000000c0000000,0x00000000c2bdf148,0x00000000c4300000)
 Metaspace       used 58590K, committed 59776K, reserved 1114112K
  class space    used 6156K, committed 6720K, reserved 1048576K
}
Event: 88.301 GC heap before
{Heap before GC invocations=35 (full 3):
 PSYoungGen      total 19456K, used 219K [0x00000000eab00000, 0x00000000ebf80000, 0x0000000100000000)
  eden space 18944K, 0% used [0x00000000eab00000,0x00000000eab00000,0x00000000ebd80000)
  from space 512K, 42% used [0x00000000ebf00000,0x00000000ebf36c08,0x00000000ebf80000)
  to   space 1024K, 0% used [0x00000000ebd80000,0x00000000ebd80000,0x00000000ebe80000)
 ParOldGen       total 68608K, used 44924K [0x00000000c0000000, 0x00000000c4300000, 0x00000000eab00000)
  object space 68608K, 65% used [0x00000000c0000000,0x00000000c2bdf148,0x00000000c4300000)
 Metaspace       used 58590K, committed 59776K, reserved 1114112K
  class space    used 6156K, committed 6720K, reserved 1048576K
}
Event: 89.896 GC heap after
{Heap after GC invocations=35 (full 3):
 PSYoungGen      total 19456K, used 0K [0x00000000eab00000, 0x00000000ebf80000, 0x0000000100000000)
  eden space 18944K, 0% used [0x00000000eab00000,0x00000000eab00000,0x00000000ebd80000)
  from space 512K, 0% used [0x00000000ebf00000,0x00000000ebf00000,0x00000000ebf80000)
  to   space 1024K, 0% used [0x00000000ebd80000,0x00000000ebd80000,0x00000000ebe80000)
 ParOldGen       total 68608K, used 40156K [0x00000000c0000000, 0x00000000c4300000, 0x00000000eab00000)
  object space 68608K, 58% used [0x00000000c0000000,0x00000000c2737210,0x00000000c4300000)
 Metaspace       used 58590K, committed 59776K, reserved 1114112K
  class space    used 6156K, committed 6720K, reserved 1048576K
}

